Using pre-set license
Built from '2020.3/staging' branch; Version is '2020.3.8f1 (507919d4fff5) revision 5273881'; Using compiler version '192528614'; Build Type 'Release'
OS: 'Windows 10 Home Single Language; OS build 19043.1288; Version 2009; 64bit' Language: 'tr' Physical Memory: 32600 MB
BatchMode: 1, IsHumanControllingUs: 0, StartBugReporterOnCrash: 0, Is64bit: 1, IsPro: 0

 COMMAND LINE ARGUMENTS:
C:\Program Files\Unity\2020.3.8f1\Editor\Unity.exe
-adb2
-batchMode
-noUpm
-name
AssetImportWorker0
-projectPath
D:/Effectler
-logFile
Logs/AssetImportWorker0.log
-srvPort
62968
Successfully changed project path to: D:/Effectler
D:/Effectler
Using Asset Import Pipeline V2.
Refreshing native plugins compatible for Editor in 50.61 ms, found 0 plugins.
Preloading 0 native plugins for Editor in 0.00 ms.
Initialize engine version: 2020.3.8f1 (507919d4fff5)
[Subsystems] Discovering subsystems at path C:/Program Files/Unity/2020.3.8f1/Editor/Data/Resources/UnitySubsystems
[Subsystems] Discovering subsystems at path D:/Effectler/Assets
GfxDevice: creating device client; threaded=0
Direct3D:
    Version:  Direct3D 11.0 [level 11.1]
    Renderer: NVIDIA GeForce RTX 2080 Super with Max-Q Design (ID=0x1e93)
    Vendor:   
    VRAM:     8010 MB
    Driver:   27.21.14.6242
Shader 'Universal Render Pipeline/Particles/Lit': fallback shader 'Universal Render Pipeline/Particles/SimpleLit' not found
Initialize mono
Mono path[0] = 'C:/Program Files/Unity/2020.3.8f1/Editor/Data/Managed'
Mono path[1] = 'C:/Program Files/Unity/2020.3.8f1/Editor/Data/MonoBleedingEdge/lib/mono/unityjit'
Mono config path = 'C:/Program Files/Unity/2020.3.8f1/Editor/Data/MonoBleedingEdge/etc'
Using monoOptions --debugger-agent=transport=dt_socket,embedding=1,server=y,suspend=n,address=127.0.0.1:56072
Begin MonoManager ReloadAssembly
Registering precompiled unity dll's ...
Register platform support module: C:/Program Files/Unity/2020.3.8f1/Editor/Data/PlaybackEngines/WindowsStandaloneSupport/UnityEditor.WindowsStandalone.Extensions.dll
Registered in 0.001722 seconds.
Native extension for WindowsStandalone target not found
Refreshing native plugins compatible for Editor in 49.40 ms, found 0 plugins.
Preloading 0 native plugins for Editor in 0.00 ms.
Mono: successfully reloaded assembly
- Completed reload, in  1.023 seconds
Platform modules already initialized, skipping
Registering precompiled user dll's ...
Registered in 0.001231 seconds.
Begin MonoManager ReloadAssembly
Native extension for WindowsStandalone target not found
Refreshing native plugins compatible for Editor in 61.83 ms, found 0 plugins.
Preloading 0 native plugins for Editor in 0.00 ms.
Mono: successfully reloaded assembly
- Completed reload, in  1.142 seconds
Platform modules already initialized, skipping
========================================================================
Worker process is ready to serve import requests
Shader 'Universal Render Pipeline/Particles/Lit': fallback shader 'Universal Render Pipeline/Particles/SimpleLit' not found
Launched and connected shader compiler UnityShaderCompiler.exe after 0.04 seconds
Refreshing native plugins compatible for Editor in 0.66 ms, found 0 plugins.
Preloading 0 native plugins for Editor in 0.00 ms.
Unloading 2437 Unused Serialized files (Serialized files now loaded: 0)
System memory in use before: 125.7 MB.
System memory in use after: 125.9 MB.

Unloading 11 unused Assets to reduce memory usage. Loaded Objects now: 2893.
Total: 3.017800 ms (FindLiveObjects: 0.351400 ms CreateObjectMapping: 0.272000 ms MarkObjects: 2.306800 ms  DeleteObjects: 0.086500 ms)

========================================================================
Received Import Request.
  path: Assets/Script/Bitmisler/Effecler/Stylized Water/Material_Stylized_Water.mat
  artifactKey: Guid(05766d233da81a544a5667e4d11b440f) Importer(815301076,1909f56bfc062723c751e8b465ee728b)
Start importing Assets/Script/Bitmisler/Effecler/Stylized Water/Material_Stylized_Water.mat using Guid(05766d233da81a544a5667e4d11b440f) Importer(815301076,1909f56bfc062723c751e8b465ee728b)  -> (artifact id: 'dc2effc3ff0a407aef319cf1d08f0cb7') in 0.281215 seconds
  Import took 0.286169 seconds .

========================================================================
Received Import Request.
  Time since last request: 73.851572 seconds.
  path: Assets/UniversalRenderPipelineAsset.asset
  artifactKey: Guid(c8a5939b10eacb842be0e0a6d2324160) Importer(815301076,1909f56bfc062723c751e8b465ee728b)
Start importing Assets/UniversalRenderPipelineAsset.asset using Guid(c8a5939b10eacb842be0e0a6d2324160) Importer(815301076,1909f56bfc062723c751e8b465ee728b)  -> (artifact id: '61b54422ddc6a7180bad9eda85ed201c') in 0.004787 seconds
  Import took 0.009379 seconds .

========================================================================
Received Import Request.
  Time since last request: 258.689467 seconds.
  path: Assets/Script/Bitmisler/Effecler/Stylized Water/Material_Stylized_Water.mat
  artifactKey: Guid(05766d233da81a544a5667e4d11b440f) Importer(815301076,1909f56bfc062723c751e8b465ee728b)
Start importing Assets/Script/Bitmisler/Effecler/Stylized Water/Material_Stylized_Water.mat using Guid(05766d233da81a544a5667e4d11b440f) Importer(815301076,1909f56bfc062723c751e8b465ee728b)  -> (artifact id: '79aab3373303fd700b1942b08c9c8fec') in 0.018931 seconds
  Import took 0.023362 seconds .

========================================================================
Received Import Request.
  Time since last request: 565.672282 seconds.
  path: Assets/Script/Bitmisler/Effecler/Stylized Water/Material_Stylized_Water.mat
  artifactKey: Guid(05766d233da81a544a5667e4d11b440f) Importer(815301076,1909f56bfc062723c751e8b465ee728b)
Start importing Assets/Script/Bitmisler/Effecler/Stylized Water/Material_Stylized_Water.mat using Guid(05766d233da81a544a5667e4d11b440f) Importer(815301076,1909f56bfc062723c751e8b465ee728b)  -> (artifact id: 'd31b2fc31ad60fa0050596b35d6d65d6') in 0.020498 seconds
  Import took 0.025065 seconds .

AssetImportWorkerClient::OnTransportError - code=2 error=End of file
