Using pre-set license
Built from '2020.3/staging' branch; Version is '2020.3.8f1 (507919d4fff5) revision 5273881'; Using compiler version '192528614'; Build Type 'Release'
OS: 'Windows 10 Home Single Language; OS build 19043.1288; Version 2009; 64bit' Language: 'tr' Physical Memory: 32600 MB
BatchMode: 1, IsHumanControllingUs: 0, StartBugReporterOnCrash: 0, Is64bit: 1, IsPro: 0

 COMMAND LINE ARGUMENTS:
C:\Program Files\Unity\2020.3.8f1\Editor\Unity.exe
-adb2
-batchMode
-noUpm
-name
AssetImportWorker0
-projectPath
D:/Effectler
-logFile
Logs/AssetImportWorker0.log
-srvPort
55050
Successfully changed project path to: D:/Effectler
D:/Effectler
Using Asset Import Pipeline V2.
Refreshing native plugins compatible for Editor in 54.02 ms, found 0 plugins.
Preloading 0 native plugins for Editor in 0.00 ms.
Initialize engine version: 2020.3.8f1 (507919d4fff5)
[Subsystems] Discovering subsystems at path C:/Program Files/Unity/2020.3.8f1/Editor/Data/Resources/UnitySubsystems
[Subsystems] Discovering subsystems at path D:/Effectler/Assets
GfxDevice: creating device client; threaded=0
Direct3D:
    Version:  Direct3D 11.0 [level 11.1]
    Renderer: NVIDIA GeForce RTX 2080 Super with Max-Q Design (ID=0x1e93)
    Vendor:   
    VRAM:     8010 MB
    Driver:   27.21.14.6242
Shader 'Universal Render Pipeline/Particles/Lit': fallback shader 'Universal Render Pipeline/Particles/SimpleLit' not found
Initialize mono
Mono path[0] = 'C:/Program Files/Unity/2020.3.8f1/Editor/Data/Managed'
Mono path[1] = 'C:/Program Files/Unity/2020.3.8f1/Editor/Data/MonoBleedingEdge/lib/mono/unityjit'
Mono config path = 'C:/Program Files/Unity/2020.3.8f1/Editor/Data/MonoBleedingEdge/etc'
Using monoOptions --debugger-agent=transport=dt_socket,embedding=1,server=y,suspend=n,address=127.0.0.1:56484
Begin MonoManager ReloadAssembly
Registering precompiled unity dll's ...
Register platform support module: C:/Program Files/Unity/2020.3.8f1/Editor/Data/PlaybackEngines/WindowsStandaloneSupport/UnityEditor.WindowsStandalone.Extensions.dll
Registered in 0.002046 seconds.
Native extension for WindowsStandalone target not found
Refreshing native plugins compatible for Editor in 38.95 ms, found 0 plugins.
Preloading 0 native plugins for Editor in 0.00 ms.
Mono: successfully reloaded assembly
- Completed reload, in  1.069 seconds
Platform modules already initialized, skipping
Registering precompiled user dll's ...
Registered in 0.000794 seconds.
Begin MonoManager ReloadAssembly
Native extension for WindowsStandalone target not found
Refreshing native plugins compatible for Editor in 45.47 ms, found 0 plugins.
Preloading 0 native plugins for Editor in 0.00 ms.
Mono: successfully reloaded assembly
- Completed reload, in  0.866 seconds
Platform modules already initialized, skipping
========================================================================
Worker process is ready to serve import requests
Shader 'Universal Render Pipeline/Particles/Lit': fallback shader 'Universal Render Pipeline/Particles/SimpleLit' not found
Launched and connected shader compiler UnityShaderCompiler.exe after 0.04 seconds
Refreshing native plugins compatible for Editor in 0.96 ms, found 0 plugins.
Preloading 0 native plugins for Editor in 0.00 ms.
Unloading 2437 Unused Serialized files (Serialized files now loaded: 0)
System memory in use before: 125.8 MB.
System memory in use after: 126.0 MB.

Unloading 11 unused Assets to reduce memory usage. Loaded Objects now: 2893.
Total: 3.373500 ms (FindLiveObjects: 0.459800 ms CreateObjectMapping: 0.391000 ms MarkObjects: 2.430600 ms  DeleteObjects: 0.091100 ms)

========================================================================
Received Import Request.
  path: Assets/Script/Bitmisler/Effecler/Stylized Water/Water.prefab
  artifactKey: Guid(24cab23bdfbf58e449514d4f06bdf4f7) Importer(815301076,1909f56bfc062723c751e8b465ee728b)
Start importing Assets/Script/Bitmisler/Effecler/Stylized Water/Water.prefab using Guid(24cab23bdfbf58e449514d4f06bdf4f7) Importer(815301076,1909f56bfc062723c751e8b465ee728b)  -> (artifact id: '40a8bb1e9d16a5dc5b4d0f62494d8713') in 0.260674 seconds
  Import took 0.265501 seconds .

========================================================================
Received Import Request.
  Time since last request: 37.824680 seconds.
  path: Assets/Script/Bitmisler/Effecler/Stylized Water/NewBehaviourScript.cs
  artifactKey: Guid(043d39e8bf897cb49b16d52d5c0e2fb1) Importer(815301076,1909f56bfc062723c751e8b465ee728b)
Start importing Assets/Script/Bitmisler/Effecler/Stylized Water/NewBehaviourScript.cs using Guid(043d39e8bf897cb49b16d52d5c0e2fb1) Importer(815301076,1909f56bfc062723c751e8b465ee728b)  -> (artifact id: '21c3f96c1163307a5a44c448657e778c') in 0.009818 seconds
  Import took 0.014165 seconds .

========================================================================
Received Prepare
Registering precompiled user dll's ...
Registered in 0.000874 seconds.
Begin MonoManager ReloadAssembly
Native extension for WindowsStandalone target not found
Refreshing native plugins compatible for Editor in 0.41 ms, found 0 plugins.
Preloading 0 native plugins for Editor in 0.00 ms.
Mono: successfully reloaded assembly
- Completed reload, in  0.881 seconds
Platform modules already initialized, skipping
Shader 'Universal Render Pipeline/Particles/Lit': fallback shader 'Universal Render Pipeline/Particles/SimpleLit' not found
Refreshing native plugins compatible for Editor in 0.45 ms, found 0 plugins.
Preloading 0 native plugins for Editor in 0.00 ms.
Unloading 2315 Unused Serialized files (Serialized files now loaded: 0)
System memory in use before: 122.7 MB.
System memory in use after: 122.9 MB.

Unloading 6 unused Assets to reduce memory usage. Loaded Objects now: 2944.
Total: 1.911800 ms (FindLiveObjects: 0.216900 ms CreateObjectMapping: 0.096000 ms MarkObjects: 1.557600 ms  DeleteObjects: 0.040600 ms)

AssetImportWorkerClient::OnTransportError - code=2 error=End of file
